app/build/intermediates/manifest_merge_blame_file/debug/processDebugMainManifest/manifest-merger-blame-debug-report.txt
1<?xml version="1.0" encoding="utf-8"?>
2<!--
3    Copyright 2019 Google Inc. All Rights Reserved.
4
5     Licensed under the Apache License, Version 2.0 (the "License");
6     you may not use this file except in compliance with the License.
7     You may obtain a copy of the License at
8
9         http://www.apache.org/licenses/LICENSE-2.0
10
11     Unless required by applicable law or agreed to in writing, software
12     distributed under the License is distributed on an "AS IS" BASIS,
13     WITHOUT WARRANTIES OR CONDITIONS OF ANY KIND, either express or implied.
14     See the License for the specific language governing permissions and
15     limitations under the License.
16-->
17<!--
18 The "package" attribute is rewritten by the Gradle build with the value of applicationId.
19     It is still required here, as it is used to derive paths, for instance when referring
20     to an Activity by ".MyActivity" instead of the full name. If more Activities are added to the
21     application, the package attribute will need to reflect the correct path in order to use
22     the abbreviated format.
23-->
24<manifest xmlns:android="http://schemas.android.com/apk/res/android"
25    package="io.github.mrmuralisg.twa"
26    android:versionCode="1"
27    android:versionName="1" >
28
29    <uses-sdk
30        android:minSdkVersion="21"
31        android:targetSdkVersion="35" />
32
33    <uses-permission android:name="android.permission.POST_NOTIFICATIONS" />
33-->src\main\AndroidManifest.xml:26:9-80
33-->src\main\AndroidManifest.xml:26:26-78
34
35    <queries>
35-->[com.google.androidbrowserhelper:androidbrowserhelper:2.6.2] AndroidManifest.xml:22:5-30:15
36        <intent>
36-->[com.google.androidbrowserhelper:androidbrowserhelper:2.6.2] AndroidManifest.xml:23:9-29:18
37            <action android:name="android.intent.action.VIEW" />
37-->src\main\AndroidManifest.xml:152:17-68
37-->src\main\AndroidManifest.xml:152:25-66
38
39            <category android:name="android.intent.category.BROWSABLE" />
39-->src\main\AndroidManifest.xml:154:17-77
39-->src\main\AndroidManifest.xml:154:27-75
40
41            <data android:scheme="https" />
41-->src\main\AndroidManifest.xml:155:17-160:19
41-->src\main\AndroidManifest.xml:155:23-45
42        </intent>
43    </queries>
44
45    <permission
45-->[androidx.core:core:1.13.0] AndroidManifest.xml:22:5-24:47
46        android:name="io.github.mrmuralisg.twa.DYNAMIC_RECEIVER_NOT_EXPORTED_PERMISSION"
46-->[androidx.core:core:1.13.0] AndroidManifest.xml:23:9-81
47        android:protectionLevel="signature" />
47-->[androidx.core:core:1.13.0] AndroidManifest.xml:24:9-44
48
49    <uses-permission android:name="io.github.mrmuralisg.twa.DYNAMIC_RECEIVER_NOT_EXPORTED_PERMISSION" />
49-->[androidx.core:core:1.13.0] AndroidManifest.xml:26:5-97
49-->[androidx.core:core:1.13.0] AndroidManifest.xml:26:22-94
50
51    <application
51-->src\main\AndroidManifest.xml:35:5-212:19
52        android:name="io.github.mrmuralisg.twa.Application"
52-->src\main\AndroidManifest.xml:36:9-35
53        android:allowBackup="true"
53-->src\main\AndroidManifest.xml:37:9-35
54        android:appComponentFactory="androidx.core.app.CoreComponentFactory"
54-->[androidx.core:core:1.13.0] AndroidManifest.xml:28:18-86
55        android:debuggable="true"
56        android:extractNativeLibs="true"
57        android:icon="@mipmap/ic_launcher"
57-->src\main\AndroidManifest.xml:38:9-43
58        android:label="@string/appName"
58-->src\main\AndroidManifest.xml:39:9-40
59        android:manageSpaceActivity="com.google.androidbrowserhelper.trusted.ManageDataLauncherActivity"
59-->src\main\AndroidManifest.xml:41:9-105
60        android:supportsRtl="true"
60-->src\main\AndroidManifest.xml:43:9-35
61        android:testOnly="true"
62        android:theme="@android:style/Theme.Translucent.NoTitleBar" >
62-->src\main\AndroidManifest.xml:44:9-68
63        <meta-data
63-->src\main\AndroidManifest.xml:46:9-48:58
64            android:name="asset_statements"
64-->src\main\AndroidManifest.xml:47:13-44
65            android:resource="@string/assetStatements" />
65-->src\main\AndroidManifest.xml:48:13-55
66        <meta-data
66-->src\main\AndroidManifest.xml:51:13-53:58
67            android:name="web_manifest_url"
67-->src\main\AndroidManifest.xml:52:17-48
68            android:value="@string/webManifestUrl" />
68-->src\main\AndroidManifest.xml:53:17-55
69        <meta-data
69-->src\main\AndroidManifest.xml:56:9-58:52
70            android:name="twa_generator"
70-->src\main\AndroidManifest.xml:57:13-41
71            android:value="@string/generatorApp" />
71-->src\main\AndroidManifest.xml:58:13-49
72
73        <activity
73-->src\main\AndroidManifest.xml:65:13-76:24
74            android:name="com.google.androidbrowserhelper.trusted.ManageDataLauncherActivity"
74-->src\main\AndroidManifest.xml:65:23-104
75            android:enabled="true"
75-->src\main\AndroidManifest.xml:67:17-39
76            android:excludeFromRecents="true"
76-->src\main\AndroidManifest.xml:68:17-50
77            android:exported="false" >
77-->src\main\AndroidManifest.xml:66:17-41
78            <meta-data
78-->src\main\AndroidManifest.xml:69:17-71:57
79                android:name="android.support.customtabs.trusted.MANAGE_SPACE_URL"
79-->src\main\AndroidManifest.xml:70:21-87
80                android:value="@string/launchUrl" />
80-->src\main\AndroidManifest.xml:71:21-54
81
82            <intent-filter>
82-->src\main\AndroidManifest.xml:72:17-75:33
83                <action android:name="android.intent.action.APPLICATION_PREFERENCES" />
83-->src\main\AndroidManifest.xml:73:21-92
83-->src\main\AndroidManifest.xml:73:29-89
84
85                <category android:name="android.intent.category.DEFAULT" />
85-->src\main\AndroidManifest.xml:74:21-80
85-->src\main\AndroidManifest.xml:74:31-77
86            </intent-filter>
87        </activity>
88        <activity
88-->src\main\AndroidManifest.xml:79:9-173:20
89            android:name="io.github.mrmuralisg.twa.LauncherActivity"
89-->src\main\AndroidManifest.xml:79:19-50
90            android:alwaysRetainTaskState="true"
90-->src\main\AndroidManifest.xml:80:13-49
91            android:exported="true"
91-->src\main\AndroidManifest.xml:82:13-36
92            android:label="@string/launcherName" >
92-->src\main\AndroidManifest.xml:81:13-49
93            <meta-data
93-->src\main\AndroidManifest.xml:83:13-84:53
94                android:name="android.support.customtabs.trusted.DEFAULT_URL"
94-->src\main\AndroidManifest.xml:83:24-85
95                android:value="@string/launchUrl" />
95-->src\main\AndroidManifest.xml:84:17-50
96            <meta-data
96-->src\main\AndroidManifest.xml:86:13-88:58
97                android:name="android.support.customtabs.trusted.STATUS_BAR_COLOR"
97-->src\main\AndroidManifest.xml:87:17-83
98                android:resource="@color/colorPrimary" />
98-->src\main\AndroidManifest.xml:88:17-55
99            <meta-data
99-->src\main\AndroidManifest.xml:92:13-94:62
100                android:name="android.support.customtabs.trusted.STATUS_BAR_COLOR_DARK"
100-->src\main\AndroidManifest.xml:93:17-88
101                android:resource="@color/colorPrimaryDark" />
101-->src\main\AndroidManifest.xml:94:17-59
102            <meta-data
102-->src\main\AndroidManifest.xml:96:13-98:61
103                android:name="android.support.customtabs.trusted.NAVIGATION_BAR_COLOR"
103-->src\main\AndroidManifest.xml:97:17-87
104                android:resource="@color/navigationColor" />
104-->src\main\AndroidManifest.xml:98:17-58
105            <meta-data
105-->src\main\AndroidManifest.xml:100:13-102:65
106                android:name="android.support.customtabs.trusted.NAVIGATION_BAR_COLOR_DARK"
106-->src\main\AndroidManifest.xml:101:17-92
107                android:resource="@color/navigationColorDark" />
107-->src\main\AndroidManifest.xml:102:17-62
108            <meta-data
108-->src\main\AndroidManifest.xml:104:13-106:68
109                android:name="androix.browser.trusted.NAVIGATION_BAR_DIVIDER_COLOR"
109-->src\main\AndroidManifest.xml:105:17-84
110                android:resource="@color/navigationDividerColor" />
110-->src\main\AndroidManifest.xml:106:17-65
111            <meta-data
111-->src\main\AndroidManifest.xml:108:13-110:72
112                android:name="androix.browser.trusted.NAVIGATION_BAR_DIVIDER_COLOR_DARK"
112-->src\main\AndroidManifest.xml:109:17-89
113                android:resource="@color/navigationDividerColorDark" />
113-->src\main\AndroidManifest.xml:110:17-69
114            <meta-data
114-->src\main\AndroidManifest.xml:112:13-113:54
115                android:name="android.support.customtabs.trusted.SPLASH_IMAGE_DRAWABLE"
115-->src\main\AndroidManifest.xml:112:24-95
116                android:resource="@drawable/splash" />
116-->src\main\AndroidManifest.xml:113:17-52
117            <meta-data
117-->src\main\AndroidManifest.xml:115:13-116:60
118                android:name="android.support.customtabs.trusted.SPLASH_SCREEN_BACKGROUND_COLOR"
118-->src\main\AndroidManifest.xml:115:24-104
119                android:resource="@color/backgroundColor" />
119-->src\main\AndroidManifest.xml:116:17-58
120            <meta-data
120-->src\main\AndroidManifest.xml:118:13-119:71
121                android:name="android.support.customtabs.trusted.SPLASH_SCREEN_FADE_OUT_DURATION"
121-->src\main\AndroidManifest.xml:118:24-105
122                android:value="@integer/splashScreenFadeOutDuration" />
122-->src\main\AndroidManifest.xml:119:17-69
123            <meta-data
123-->src\main\AndroidManifest.xml:121:13-122:60
124                android:name="android.support.customtabs.trusted.FILE_PROVIDER_AUTHORITY"
124-->src\main\AndroidManifest.xml:121:24-97
125                android:value="@string/providerAuthority" />
125-->src\main\AndroidManifest.xml:122:17-58
126            <meta-data
126-->src\main\AndroidManifest.xml:124:13-97
127                android:name="android.app.shortcuts"
127-->src\main\AndroidManifest.xml:124:24-60
128                android:resource="@xml/shortcuts" />
128-->src\main\AndroidManifest.xml:124:61-94
129            <meta-data
129-->src\main\AndroidManifest.xml:126:13-127:56
130                android:name="android.support.customtabs.trusted.FALLBACK_STRATEGY"
130-->src\main\AndroidManifest.xml:126:24-91
131                android:value="@string/fallbackType" />
131-->src\main\AndroidManifest.xml:127:17-53
132            <meta-data
132-->src\main\AndroidManifest.xml:133:13-134:54
133                android:name="android.support.customtabs.trusted.SCREEN_ORIENTATION"
133-->src\main\AndroidManifest.xml:133:24-92
134                android:value="@string/orientation" />
134-->src\main\AndroidManifest.xml:134:17-52
135            <meta-data
135-->src\main\AndroidManifest.xml:139:17-141:66
136                android:name="android.support.customtabs.trusted.DISPLAY_OVERRIDE"
136-->src\main\AndroidManifest.xml:140:21-87
137                android:resource="@array/display_override" />
137-->src\main\AndroidManifest.xml:141:21-63
138
139            <intent-filter>
139-->src\main\AndroidManifest.xml:146:13-149:29
140                <action android:name="android.intent.action.MAIN" />
140-->src\main\AndroidManifest.xml:147:17-69
140-->src\main\AndroidManifest.xml:147:25-66
141
142                <category android:name="android.intent.category.LAUNCHER" />
142-->src\main\AndroidManifest.xml:148:17-77
142-->src\main\AndroidManifest.xml:148:27-74
143            </intent-filter>
144            <intent-filter android:autoVerify="true" >
144-->src\main\AndroidManifest.xml:151:13-161:29
144-->src\main\AndroidManifest.xml:151:28-53
145                <action android:name="android.intent.action.VIEW" />
145-->src\main\AndroidManifest.xml:152:17-68
145-->src\main\AndroidManifest.xml:152:25-66
146
147                <category android:name="android.intent.category.DEFAULT" />
147-->src\main\AndroidManifest.xml:74:21-80
147-->src\main\AndroidManifest.xml:74:31-77
148                <category android:name="android.intent.category.BROWSABLE" />
148-->src\main\AndroidManifest.xml:154:17-77
148-->src\main\AndroidManifest.xml:154:27-75
149
150                <data
150-->src\main\AndroidManifest.xml:155:17-160:19
151                    android:host="@string/hostName"
151-->src\main\AndroidManifest.xml:156:21-52
152                    android:pathPrefix="/HelloWorldTWA/"
152-->src\main\AndroidManifest.xml:158:21-57
153                    android:scheme="https" />
153-->src\main\AndroidManifest.xml:155:23-45
154            </intent-filter>
155            <intent-filter>
155-->src\main\AndroidManifest.xml:166:17-171:27
156                <action android:name="android.intent.action.VIEW" />
156-->src\main\AndroidManifest.xml:152:17-68
156-->src\main\AndroidManifest.xml:152:25-66
157
158                <category android:name="android.intent.category.DEFAULT" />
158-->src\main\AndroidManifest.xml:74:21-80
158-->src\main\AndroidManifest.xml:74:31-77
159                <category android:name="android.intent.category.BROWSABLE" />
159-->src\main\AndroidManifest.xml:154:17-77
159-->src\main\AndroidManifest.xml:154:27-75
160
161                <data android:scheme="web+hellotwa" />
161-->src\main\AndroidManifest.xml:155:17-160:19
161-->src\main\AndroidManifest.xml:155:23-45
162            </intent-filter>
163        </activity>
164        <activity android:name="com.google.androidbrowserhelper.trusted.FocusActivity" />
164-->src\main\AndroidManifest.xml:175:9-90
164-->src\main\AndroidManifest.xml:175:19-87
165        <activity
165-->src\main\AndroidManifest.xml:177:9-178:62
166            android:name="com.google.androidbrowserhelper.trusted.WebViewFallbackActivity"
166-->src\main\AndroidManifest.xml:177:19-97
167            android:configChanges="orientation|screenSize" />
167-->src\main\AndroidManifest.xml:178:13-59
168
169        <provider
169-->src\main\AndroidManifest.xml:180:9-188:20
170            android:name="androidx.core.content.FileProvider"
170-->src\main\AndroidManifest.xml:181:13-62
171            android:authorities="@string/providerAuthority"
171-->src\main\AndroidManifest.xml:182:13-60
172            android:exported="false"
172-->src\main\AndroidManifest.xml:184:13-37
173            android:grantUriPermissions="true" >
173-->src\main\AndroidManifest.xml:183:13-47
174            <meta-data
174-->src\main\AndroidManifest.xml:185:13-187:53
175                android:name="android.support.FILE_PROVIDER_PATHS"
175-->src\main\AndroidManifest.xml:186:17-67
176                android:resource="@xml/filepaths" />
176-->src\main\AndroidManifest.xml:187:17-50
177        </provider>
178
179        <service
179-->src\main\AndroidManifest.xml:190:9-205:19
180            android:name="io.github.mrmuralisg.twa.DelegationService"
180-->src\main\AndroidManifest.xml:191:13-46
181            android:enabled="@bool/enableNotification"
181-->src\main\AndroidManifest.xml:192:13-55
182            android:exported="@bool/enableNotification" >
182-->src\main\AndroidManifest.xml:193:13-56
183            <meta-data
183-->src\main\AndroidManifest.xml:196:17-198:73
184                android:name="android.support.customtabs.trusted.SMALL_ICON"
184-->src\main\AndroidManifest.xml:197:21-81
185                android:resource="@drawable/ic_notification_icon" />
185-->src\main\AndroidManifest.xml:198:21-70
186
187            <intent-filter>
187-->src\main\AndroidManifest.xml:201:13-204:29
188                <action android:name="android.support.customtabs.trusted.TRUSTED_WEB_ACTIVITY_SERVICE" />
188-->src\main\AndroidManifest.xml:202:17-105
188-->src\main\AndroidManifest.xml:202:25-103
189
190                <category android:name="android.intent.category.DEFAULT" />
190-->src\main\AndroidManifest.xml:74:21-80
190-->src\main\AndroidManifest.xml:74:31-77
191            </intent-filter>
192        </service>
193
194        <activity android:name="com.google.androidbrowserhelper.trusted.NotificationPermissionRequestActivity" />
194-->src\main\AndroidManifest.xml:208:13-118
194-->src\main\AndroidManifest.xml:208:23-115
195
196        <provider
196-->[androidx.emoji2:emoji2:1.3.0] AndroidManifest.xml:24:9-32:20
197            android:name="androidx.startup.InitializationProvider"
197-->[androidx.emoji2:emoji2:1.3.0] AndroidManifest.xml:25:13-67
198            android:authorities="io.github.mrmuralisg.twa.androidx-startup"
198-->[androidx.emoji2:emoji2:1.3.0] AndroidManifest.xml:26:13-68
199            android:exported="false" >
199-->[androidx.emoji2:emoji2:1.3.0] AndroidManifest.xml:27:13-37
200            <meta-data
200-->[androidx.emoji2:emoji2:1.3.0] AndroidManifest.xml:29:13-31:52
201                android:name="androidx.emoji2.text.EmojiCompatInitializer"
201-->[androidx.emoji2:emoji2:1.3.0] AndroidManifest.xml:30:17-75
202                android:value="androidx.startup" />
202-->[androidx.emoji2:emoji2:1.3.0] AndroidManifest.xml:31:17-49
203            <meta-data
203-->[androidx.lifecycle:lifecycle-process:2.6.2] AndroidManifest.xml:29:13-31:52
204                android:name="androidx.lifecycle.ProcessLifecycleInitializer"
204-->[androidx.lifecycle:lifecycle-process:2.6.2] AndroidManifest.xml:30:17-78
205                android:value="androidx.startup" />
205-->[androidx.lifecycle:lifecycle-process:2.6.2] AndroidManifest.xml:31:17-49
206            <meta-data
206-->[androidx.profileinstaller:profileinstaller:1.3.1] AndroidManifest.xml:29:13-31:52
207                android:name="androidx.profileinstaller.ProfileInstallerInitializer"
207-->[androidx.profileinstaller:profileinstaller:1.3.1] AndroidManifest.xml:30:17-85
208                android:value="androidx.startup" />
208-->[androidx.profileinstaller:profileinstaller:1.3.1] AndroidManifest.xml:31:17-49
209        </provider>
210
211        <receiver
211-->[androidx.profileinstaller:profileinstaller:1.3.1] AndroidManifest.xml:34:9-52:20
212            android:name="androidx.profileinstaller.ProfileInstallReceiver"
212-->[androidx.profileinstaller:profileinstaller:1.3.1] AndroidManifest.xml:35:13-76
213            android:directBootAware="false"
213-->[androidx.profileinstaller:profileinstaller:1.3.1] AndroidManifest.xml:36:13-44
214            android:enabled="true"
214-->[androidx.profileinstaller:profileinstaller:1.3.1] AndroidManifest.xml:37:13-35
215            android:exported="true"
215-->[androidx.profileinstaller:profileinstaller:1.3.1] AndroidManifest.xml:38:13-36
216            android:permission="android.permission.DUMP" >
216-->[androidx.profileinstaller:profileinstaller:1.3.1] AndroidManifest.xml:39:13-57
217            <intent-filter>
217-->[androidx.profileinstaller:profileinstaller:1.3.1] AndroidManifest.xml:40:13-42:29
218                <action android:name="androidx.profileinstaller.action.INSTALL_PROFILE" />
218-->[androidx.profileinstaller:profileinstaller:1.3.1] AndroidManifest.xml:41:17-91
218-->[androidx.profileinstaller:profileinstaller:1.3.1] AndroidManifest.xml:41:25-88
219            </intent-filter>
220            <intent-filter>
220-->[androidx.profileinstaller:profileinstaller:1.3.1] AndroidManifest.xml:43:13-45:29
221                <action android:name="androidx.profileinstaller.action.SKIP_FILE" />
221-->[androidx.profileinstaller:profileinstaller:1.3.1] AndroidManifest.xml:44:17-85
221-->[androidx.profileinstaller:profileinstaller:1.3.1] AndroidManifest.xml:44:25-82
222            </intent-filter>
223            <intent-filter>
223-->[androidx.profileinstaller:profileinstaller:1.3.1] AndroidManifest.xml:46:13-48:29
224                <action android:name="androidx.profileinstaller.action.SAVE_PROFILE" />
224-->[androidx.profileinstaller:profileinstaller:1.3.1] AndroidManifest.xml:47:17-88
224-->[androidx.profileinstaller:profileinstaller:1.3.1] AndroidManifest.xml:47:25-85
225            </intent-filter>
226            <intent-filter>
226-->[androidx.profileinstaller:profileinstaller:1.3.1] AndroidManifest.xml:49:13-51:29
227                <action android:name="androidx.profileinstaller.action.BENCHMARK_OPERATION" />
227-->[androidx.profileinstaller:profileinstaller:1.3.1] AndroidManifest.xml:50:17-95
227-->[androidx.profileinstaller:profileinstaller:1.3.1] AndroidManifest.xml:50:25-92
228            </intent-filter>
229        </receiver>
230    </application>
231
232</manifest>